<?xml version="1.0" encoding="UTF-8"?>
<testng-results skipped="0" failed="0" total="1" passed="1">
  <reporter-output>
  </reporter-output>
  <suite name="Default suite" duration-ms="25949" started-at="2013-05-31T06:29:03Z" finished-at="2013-05-31T06:29:29Z">
    <groups>
    </groups>
    <test name="Default test" duration-ms="25949" started-at="2013-05-31T06:29:03Z" finished-at="2013-05-31T06:29:29Z">
      <class name="com.globant.training.scripts.Alamaula">
        <test-method status="PASS" signature="BeforeSuite(org.testng.ITestContext)[pri:0, instance:com.globant.training.scripts.Alamaula@21d73ff5]" name="BeforeSuite" is-config="true" duration-ms="37" started-at="2013-05-31T01:29:03Z" finished-at="2013-05-31T01:29:03Z">
          <params>
            <param index="0">
              <value>
                <![CDATA[org.testng.TestRunner@33f50338]]>
              </value>
            </param>
          </params>
          <reporter-output>
          </reporter-output>
        </test-method> <!-- BeforeSuite -->
        <test-method status="PASS" signature="createItem(java.lang.String, java.lang.String, java.lang.String, java.lang.String, java.lang.String, java.lang.String, java.lang.String, java.lang.String, java.lang.String, java.lang.String, java.lang.String)[pri:0, instance:com.globant.training.scripts.Alamaula@21d73ff5]" name="createItem" duration-ms="25635" started-at="2013-05-31T01:29:03Z" data-provider="createItemDataProvider" finished-at="2013-05-31T01:29:29Z">
          <params>
            <param index="0">
              <value>
                <![CDATA[Chaco]]>
              </value>
            </param>
            <param index="1">
              <value>
                <![CDATA[Charata]]>
              </value>
            </param>
            <param index="2">
              <value>
                <![CDATA[Clases / Talleres]]>
              </value>
            </param>
            <param index="3">
              <value>
                <![CDATA[Idiomas]]>
              </value>
            </param>
            <param index="4">
              <value>
                <![CDATA[Aprende ingles facilmente]]>
              </value>
            </param>
            <param index="5">
              <value>
                <![CDATA[199]]>
              </value>
            </param>
            <param index="6">
              <value>
                <![CDATA[The best Inglish]]>
              </value>
            </param>
            <param index="7">
              <value>
                <![CDATA[glb@glb]]>
              </value>
            </param>
            <param index="8">
              <value>
                <![CDATA[09002020]]>
              </value>
            </param>
            <param index="9">
              <value>
                <![CDATA[La descripción debe contener un mínimo de 50 caracteres.]]>
              </value>
            </param>
            <param index="10">
              <value>
                <![CDATA[El email no parece válido.]]>
              </value>
            </param>
          </params>
          <reporter-output>
          </reporter-output>
        </test-method> <!-- createItem -->
        <test-method status="PASS" signature="afterSuite()[pri:0, instance:com.globant.training.scripts.Alamaula@21d73ff5]" name="afterSuite" is-config="true" duration-ms="78" started-at="2013-05-31T01:29:29Z" finished-at="2013-05-31T01:29:29Z">
          <reporter-output>
          </reporter-output>
        </test-method> <!-- afterSuite -->
      </class> <!-- com.globant.training.scripts.Alamaula -->
    </test> <!-- Default test -->
  </suite> <!-- Default suite -->
</testng-results>
